<?xml version="1.0" encoding="UTF-8"?>
<!-- Generated by org.testng.reporters.JUnitReportReporter -->
<testsuite skipped="0" hostname="LAPTOP-SOVQ8MF1" name="academy.LoginTest" tests="2" failures="0" timestamp="30 Jan 2019 01:51:07 GMT" time="45.968" errors="0">
  <testcase name="basePageNavigation" time="26.794" classname="academy.LoginTest"/>
  <testcase name="basePageNavigation" time="19.174" classname="academy.LoginTest"/>
</testsuite> <!-- academy.LoginTest -->
