<?xml version="1.0" encoding="UTF-8"?>
<!-- Generated by org.testng.reporters.JUnitReportReporter -->
<testsuite skipped="0" hostname="LAPTOP-SOVQ8MF1" name="academy.Homepage" tests="2" failures="0" timestamp="20 Jan 2019 02:19:22 GMT" time="61.316" errors="0">
  <testcase name="basePageNavigation" time="32.108" classname="academy.Homepage"/>
  <testcase name="basePageNavigation" time="29.208" classname="academy.Homepage"/>
</testsuite> <!-- academy.Homepage -->
