<?xml version="1.0" encoding="UTF-8"?>
<!-- Generated by org.testng.reporters.JUnitReportReporter -->
<testsuite skipped="0" hostname="LAPTOP-SOVQ8MF1" name="academy.ValidateNavbar" tests="1" failures="0" timestamp="01 Feb 2019 02:57:24 GMT" time="24.588" errors="0">
  <testcase name="validateNavBarTest" time="24.588" classname="academy.ValidateNavbar"/>
</testsuite> <!-- academy.ValidateNavbar -->
